<?xml version="1.0" encoding="UTF-8"?>
<!-- Generated by org.testng.reporters.JUnitXMLReporter -->
<testsuite ignored="0" hostname="LAP-TZ-0X82240" failures="0" tests="5" name="Surefire test" time="91.255" errors="0" timestamp="2024-11-17T17:10:06 IST">
  <testcase classname="TestFiles.EndToEndTest" name="OrderItemEnd2EndFlow" time="23.505"/>
  <testcase classname="TestFiles.EndToEndTest" name="OrderItemEnd2EndFlow" time="23.499"/>
  <testcase classname="TestFiles.EndToEndTest" name="OrderHistoryTest" time="1.33"/>
  <testcase classname="TestFiles.ErrorValidationsTest" name="loginErrorValidations" time="0.785"/>
  <testcase classname="TestFiles.ErrorValidationsTest" name="productErrorValidation" time="22.119"/>
</testsuite> <!-- Surefire test -->
