<?xml version="1.0" encoding="UTF-8"?>
<!-- Generated by org.testng.reporters.JUnitXMLReporter -->
<testsuite ignored="0" hostname="LAP-TZ-0X82240" failures="0" tests="3" name="Default test" time="61.45" errors="0" timestamp="2024-11-17T14:32:44 IST">
  <testcase classname="TestFiles.EndToEndTest" name="OrderItemEnd2EndFlow" time="23.344"/>
  <testcase classname="TestFiles.EndToEndTest" name="OrderItemEnd2EndFlow" time="23.394"/>
  <testcase classname="TestFiles.EndToEndTest" name="OrderHistoryTest" time="0.963"/>
</testsuite> <!-- Default test -->
