<?xml version="1.0" encoding="UTF-8"?>
<!-- Generated by org.testng.reporters.JUnitXMLReporter -->
<testsuite ignored="1" hostname="LAP-TZ-0X82240" failures="0" tests="2" name="End to End Test" time="56.679" errors="0" timestamp="2024-07-27T21:37:20 IST">
  <testcase classname="TestFiles.EndToEndTest" name="OrderItemEnd2EndFlow" time="23.195"/>
  <testcase classname="TestFiles.EndToEndTest" name="OrderItemEnd2EndFlow" time="23.189"/>
  <testcase classname="TestFiles.EndToEndTest" name="OrderHistoryTest" time="0.0">
    <ignored/>
  </testcase> <!-- OrderHistoryTest -->
</testsuite> <!-- End to End Test -->
