<?xml version="1.0" encoding="UTF-8"?>
<!-- Generated by org.testng.reporters.JUnitXMLReporter -->
<testsuite ignored="1" hostname="LAP-TZ-0X82240" failures="0" tests="1" name="Error Validations Test" time="37.979" errors="0" timestamp="2024-07-27T11:44:58 IST">
  <testcase classname="TestFiles.ErrorValidationsTest" name="loginErrorValidations" time="34.17"/>
  <testcase classname="TestFiles.ErrorValidationsTest" name="productErrorValidation" time="0.0">
    <ignored/>
  </testcase> <!-- productErrorValidation -->
</testsuite> <!-- Error Validations Test -->
