<?xml version="1.0" encoding="UTF-8"?>
<!-- Generated by org.testng.reporters.JUnitXMLReporter -->
<testsuite ignored="0" hostname="LAP-TZ-0X82240" failures="0" tests="5" name="Test" time="90.367" errors="0" timestamp="2024-08-31T09:26:00 IST">
  <testcase classname="TestFiles.EndToEndTest" name="OrderItemEnd2EndFlow" time="23.468"/>
  <testcase classname="TestFiles.EndToEndTest" name="OrderItemEnd2EndFlow" time="23.514"/>
  <testcase classname="TestFiles.EndToEndTest" name="OrderHistoryTest" time="1.049"/>
  <testcase classname="TestFiles.ErrorValidationsTest" name="loginErrorValidations" time="0.72"/>
  <testcase classname="TestFiles.ErrorValidationsTest" name="productErrorValidation" time="21.868"/>
</testsuite> <!-- Test -->
