<?xml version="1.0" encoding="UTF-8"?>
<testng-results ignored="0" total="5" passed="5" failed="0" skipped="0">
  <reporter-output>
  </reporter-output>
  <suite started-at="2024-11-17T17:08:35 IST" name="Surefire suite" finished-at="2024-11-17T17:10:06 IST" duration-ms="91255">
    <groups>
      <group name="ErrorHandling">
        <method signature="ErrorValidationsTest.loginErrorValidations()[pri:0, instance:TestFiles.ErrorValidationsTest@57af006c]" name="loginErrorValidations" class="TestFiles.ErrorValidationsTest"/>
      </group> <!-- ErrorHandling -->
      <group name="Purchase">
        <method signature="EndToEndTest.OrderItemEnd2EndFlow(java.util.HashMap)[pri:0, instance:TestFiles.EndToEndTest@20f5239f]" name="OrderItemEnd2EndFlow" class="TestFiles.EndToEndTest"/>
      </group> <!-- Purchase -->
    </groups>
    <test started-at="2024-11-17T17:08:35 IST" name="Surefire test" finished-at="2024-11-17T17:10:06 IST" duration-ms="91255">
      <class name="TestFiles.EndToEndTest">
        <test-method is-config="true" signature="launchApplication()[pri:0, instance:TestFiles.EndToEndTest@20f5239f]" started-at="2024-11-17T17:08:35 IST" name="launchApplication" finished-at="2024-11-17T17:08:40 IST" duration-ms="5524" status="PASS">
          <reporter-output>
          </reporter-output>
        </test-method> <!-- launchApplication -->
        <test-method signature="OrderItemEnd2EndFlow(java.util.HashMap)[pri:0, instance:TestFiles.EndToEndTest@20f5239f]" started-at="2024-11-17T17:08:40 IST" name="OrderItemEnd2EndFlow" data-provider="getData" finished-at="2024-11-17T17:09:04 IST" duration-ms="23505" status="PASS">
          <params>
            <param index="0">
              <value>
                <![CDATA[{password=1@Neem2345, email=visheshmalikk@gmail.com, productName=ADIDAS ORIGINAL}]]>
              </value>
            </param>
          </params>
          <reporter-output>
          </reporter-output>
        </test-method> <!-- OrderItemEnd2EndFlow -->
        <test-method is-config="true" signature="tearDown()[pri:0, instance:TestFiles.EndToEndTest@20f5239f]" started-at="2024-11-17T17:09:04 IST" name="tearDown" finished-at="2024-11-17T17:09:04 IST" duration-ms="170" status="PASS">
          <reporter-output>
          </reporter-output>
        </test-method> <!-- tearDown -->
        <test-method is-config="true" signature="launchApplication()[pri:0, instance:TestFiles.EndToEndTest@20f5239f]" started-at="2024-11-17T17:09:04 IST" name="launchApplication" finished-at="2024-11-17T17:09:07 IST" duration-ms="3500" status="PASS">
          <reporter-output>
          </reporter-output>
        </test-method> <!-- launchApplication -->
        <test-method signature="OrderItemEnd2EndFlow(java.util.HashMap)[pri:0, instance:TestFiles.EndToEndTest@20f5239f]" started-at="2024-11-17T17:09:07 IST" name="OrderItemEnd2EndFlow" data-provider="getData" finished-at="2024-11-17T17:09:31 IST" duration-ms="23499" status="PASS">
          <params>
            <param index="0">
              <value>
                <![CDATA[{password=1@Hanu2345, email=Mohit@gmail.com, productName=IPHONE 13 PRO}]]>
              </value>
            </param>
          </params>
          <reporter-output>
          </reporter-output>
        </test-method> <!-- OrderItemEnd2EndFlow -->
        <test-method is-config="true" signature="tearDown()[pri:0, instance:TestFiles.EndToEndTest@20f5239f]" started-at="2024-11-17T17:09:31 IST" name="tearDown" finished-at="2024-11-17T17:09:31 IST" duration-ms="120" status="PASS">
          <reporter-output>
          </reporter-output>
        </test-method> <!-- tearDown -->
        <test-method is-config="true" signature="launchApplication()[pri:0, instance:TestFiles.EndToEndTest@20f5239f]" started-at="2024-11-17T17:09:31 IST" name="launchApplication" finished-at="2024-11-17T17:09:35 IST" duration-ms="4167" status="PASS">
          <reporter-output>
          </reporter-output>
        </test-method> <!-- launchApplication -->
        <test-method signature="OrderHistoryTest()[pri:0, instance:TestFiles.EndToEndTest@20f5239f]" started-at="2024-11-17T17:09:35 IST" name="OrderHistoryTest" finished-at="2024-11-17T17:09:37 IST" depends-on-methods="TestFiles.EndToEndTest.OrderItemEnd2EndFlow" duration-ms="1330" status="PASS">
          <reporter-output>
          </reporter-output>
        </test-method> <!-- OrderHistoryTest -->
        <test-method is-config="true" signature="tearDown()[pri:0, instance:TestFiles.EndToEndTest@20f5239f]" started-at="2024-11-17T17:09:37 IST" name="tearDown" finished-at="2024-11-17T17:09:37 IST" duration-ms="140" status="PASS">
          <reporter-output>
          </reporter-output>
        </test-method> <!-- tearDown -->
      </class> <!-- TestFiles.EndToEndTest -->
      <class name="TestFiles.ErrorValidationsTest">
        <test-method is-config="true" signature="launchApplication()[pri:0, instance:TestFiles.ErrorValidationsTest@57af006c]" started-at="2024-11-17T17:09:37 IST" name="launchApplication" finished-at="2024-11-17T17:09:40 IST" duration-ms="3201" status="PASS">
          <reporter-output>
          </reporter-output>
        </test-method> <!-- launchApplication -->
        <test-method signature="loginErrorValidations()[pri:0, instance:TestFiles.ErrorValidationsTest@57af006c]" started-at="2024-11-17T17:09:40 IST" name="loginErrorValidations" finished-at="2024-11-17T17:09:41 IST" duration-ms="785" status="PASS">
          <reporter-output>
          </reporter-output>
        </test-method> <!-- loginErrorValidations -->
        <test-method is-config="true" signature="tearDown()[pri:0, instance:TestFiles.ErrorValidationsTest@57af006c]" started-at="2024-11-17T17:09:41 IST" name="tearDown" finished-at="2024-11-17T17:09:41 IST" duration-ms="136" status="PASS">
          <reporter-output>
          </reporter-output>
        </test-method> <!-- tearDown -->
        <test-method is-config="true" signature="launchApplication()[pri:0, instance:TestFiles.ErrorValidationsTest@57af006c]" started-at="2024-11-17T17:09:41 IST" name="launchApplication" finished-at="2024-11-17T17:09:44 IST" duration-ms="2860" status="PASS">
          <reporter-output>
          </reporter-output>
        </test-method> <!-- launchApplication -->
        <test-method signature="productErrorValidation()[pri:0, instance:TestFiles.ErrorValidationsTest@57af006c]" started-at="2024-11-17T17:09:44 IST" name="productErrorValidation" finished-at="2024-11-17T17:10:06 IST" duration-ms="22119" status="PASS">
          <reporter-output>
          </reporter-output>
        </test-method> <!-- productErrorValidation -->
        <test-method is-config="true" signature="tearDown()[pri:0, instance:TestFiles.ErrorValidationsTest@57af006c]" started-at="2024-11-17T17:10:06 IST" name="tearDown" finished-at="2024-11-17T17:10:06 IST" duration-ms="116" status="PASS">
          <reporter-output>
          </reporter-output>
        </test-method> <!-- tearDown -->
      </class> <!-- TestFiles.ErrorValidationsTest -->
    </test> <!-- Surefire test -->
  </suite> <!-- Surefire suite -->
</testng-results>
