<?xml version="1.0" encoding="UTF-8"?>
<testng-results ignored="0" total="3" passed="3" failed="0" skipped="0">
  <reporter-output>
  </reporter-output>
  <suite started-at="2024-11-17T14:31:42 IST" name="Default suite" finished-at="2024-11-17T14:32:44 IST" duration-ms="61450">
    <groups>
      <group name="Purchase">
        <method signature="EndToEndTest.OrderItemEnd2EndFlow(java.util.HashMap)[pri:0, instance:TestFiles.EndToEndTest@1ed4ae0f]" name="OrderItemEnd2EndFlow" class="TestFiles.EndToEndTest"/>
      </group> <!-- Purchase -->
    </groups>
    <test started-at="2024-11-17T14:31:42 IST" name="Default test" finished-at="2024-11-17T14:32:44 IST" duration-ms="61450">
      <class name="TestFiles.EndToEndTest">
        <test-method is-config="true" signature="launchApplication()[pri:0, instance:TestFiles.EndToEndTest@1ed4ae0f]" started-at="2024-11-17T14:31:43 IST" name="launchApplication" finished-at="2024-11-17T14:31:50 IST" duration-ms="6979" status="PASS">
          <reporter-output>
          </reporter-output>
        </test-method> <!-- launchApplication -->
        <test-method signature="OrderItemEnd2EndFlow(java.util.HashMap)[pri:0, instance:TestFiles.EndToEndTest@1ed4ae0f]" started-at="2024-11-17T14:31:50 IST" name="OrderItemEnd2EndFlow" data-provider="getData" finished-at="2024-11-17T14:32:13 IST" duration-ms="23344" status="PASS">
          <params>
            <param index="0">
              <value>
                <![CDATA[{password=1@Neem2345, email=visheshmalikk@gmail.com, productName=ADIDAS ORIGINAL}]]>
              </value>
            </param>
          </params>
          <reporter-output>
          </reporter-output>
        </test-method> <!-- OrderItemEnd2EndFlow -->
        <test-method is-config="true" signature="tearDown()[pri:0, instance:TestFiles.EndToEndTest@1ed4ae0f]" started-at="2024-11-17T14:32:13 IST" name="tearDown" finished-at="2024-11-17T14:32:13 IST" duration-ms="141" status="PASS">
          <reporter-output>
          </reporter-output>
        </test-method> <!-- tearDown -->
        <test-method is-config="true" signature="launchApplication()[pri:0, instance:TestFiles.EndToEndTest@1ed4ae0f]" started-at="2024-11-17T14:32:13 IST" name="launchApplication" finished-at="2024-11-17T14:32:16 IST" duration-ms="2992" status="PASS">
          <reporter-output>
          </reporter-output>
        </test-method> <!-- launchApplication -->
        <test-method signature="OrderItemEnd2EndFlow(java.util.HashMap)[pri:0, instance:TestFiles.EndToEndTest@1ed4ae0f]" started-at="2024-11-17T14:32:16 IST" name="OrderItemEnd2EndFlow" data-provider="getData" finished-at="2024-11-17T14:32:39 IST" duration-ms="23394" status="PASS">
          <params>
            <param index="0">
              <value>
                <![CDATA[{password=1@Hanu2345, email=Mohit@gmail.com, productName=IPHONE 13 PRO}]]>
              </value>
            </param>
          </params>
          <reporter-output>
          </reporter-output>
        </test-method> <!-- OrderItemEnd2EndFlow -->
        <test-method is-config="true" signature="tearDown()[pri:0, instance:TestFiles.EndToEndTest@1ed4ae0f]" started-at="2024-11-17T14:32:39 IST" name="tearDown" finished-at="2024-11-17T14:32:40 IST" duration-ms="123" status="PASS">
          <reporter-output>
          </reporter-output>
        </test-method> <!-- tearDown -->
        <test-method is-config="true" signature="launchApplication()[pri:0, instance:TestFiles.EndToEndTest@1ed4ae0f]" started-at="2024-11-17T14:32:40 IST" name="launchApplication" finished-at="2024-11-17T14:32:43 IST" duration-ms="3261" status="PASS">
          <reporter-output>
          </reporter-output>
        </test-method> <!-- launchApplication -->
        <test-method signature="OrderHistoryTest()[pri:0, instance:TestFiles.EndToEndTest@1ed4ae0f]" started-at="2024-11-17T14:32:43 IST" name="OrderHistoryTest" finished-at="2024-11-17T14:32:44 IST" depends-on-methods="TestFiles.EndToEndTest.OrderItemEnd2EndFlow" duration-ms="963" status="PASS">
          <reporter-output>
          </reporter-output>
        </test-method> <!-- OrderHistoryTest -->
        <test-method is-config="true" signature="tearDown()[pri:0, instance:TestFiles.EndToEndTest@1ed4ae0f]" started-at="2024-11-17T14:32:44 IST" name="tearDown" finished-at="2024-11-17T14:32:44 IST" duration-ms="152" status="PASS">
          <reporter-output>
          </reporter-output>
        </test-method> <!-- tearDown -->
      </class> <!-- TestFiles.EndToEndTest -->
    </test> <!-- Default test -->
  </suite> <!-- Default suite -->
</testng-results>
